{"uuid":"71e6e1c3-4bab-4af1-b6e3-00fab934e90a","historyId":"3b8684bfb48feed7a4feba2e6d81c935","fullName":"Verify Login Page: Validate logging into the Application using valid email address and invalid Password","labels":[{"name":"tag","value":"TC_LF_004"},{"name":"host","value":"XAV-502000068"},{"name":"thread","value":"18276@XAV-502000068.main(1)"},{"name":"feature","value":"Verify Login Page"},{"name":"story","value":"Validate logging into the Application using valid email address and invalid Password"},{"name":"suite","value":"Verify Login Page"},{"name":"testClass","value":"Validate logging into the Application using valid email address and invalid Password"},{"name":"framework","value":"cucumber4jvm"},{"name":"language","value":"java"},{"name":"gherkin_uri","value":"file:///D:/ProCare_2024/ProCARE_Automation/ProCARE_Automation/src/test/resources/Features/login.feature"},{"name":"package","value":"src.test.resources.Features.login_feature.Verify Login Page"}],"links":[],"name":"Validate logging into the Application using valid email address and invalid Password","status":"failed","statusDetails":{"known":false,"muted":false,"flaky":false,"message":"expected [Username not found] but found [Invalid password - you have 4 attempts remaining.]","trace":"java.lang.AssertionError: expected [Username not found] but found [Invalid password - you have 4 attempts remaining.]\r\n\tat org.testng.Assert.fail(Assert.java:111)\r\n\tat org.testng.Assert.failNotEquals(Assert.java:1578)\r\n\tat org.testng.Assert.assertEqualsImpl(Assert.java:150)\r\n\tat org.testng.Assert.assertEquals(Assert.java:132)\r\n\tat org.testng.Assert.assertEquals(Assert.java:656)\r\n\tat org.testng.Assert.assertEquals(Assert.java:666)\r\n\tat com.proCare.automation.stepdefinitions.LoginStepDef.warning_message_with_the_text_should_be_displayed(LoginStepDef.java:62)\r\n\tat ✽.Warning message with the text 'Username not found' should be displayed(file:///D:/ProCare_2024/ProCARE_Automation/ProCARE_Automation/src/test/resources/Features/login.feature:32)\r\n"},"stage":"finished","steps":[{"name":"Given  Launch ProCare application","status":"passed","statusDetails":{"known":false,"muted":false,"flaky":false},"stage":"finished","steps":[],"attachments":[],"parameters":[],"start":1696916375816,"stop":1696916375817},{"name":"When  User allow to enter username","status":"passed","statusDetails":{"known":false,"muted":false,"flaky":false},"stage":"finished","steps":[],"attachments":[],"parameters":[],"start":1696916375818,"stop":1696916376079},{"name":"And  User allow to enter 'pass2343' invalid password","status":"passed","statusDetails":{"known":false,"muted":false,"flaky":false},"stage":"finished","steps":[],"attachments":[],"parameters":[],"start":1696916376080,"stop":1696916376308},{"name":"And  Click on sigin button","status":"passed","statusDetails":{"known":false,"muted":false,"flaky":false},"stage":"finished","steps":[],"attachments":[],"parameters":[],"start":1696916376309,"stop":1696916376472},{"name":"Then  Warning message with the text 'Username not found' should be displayed","status":"failed","statusDetails":{"known":false,"muted":false,"flaky":false,"message":"expected [Username not found] but found [Invalid password - you have 4 attempts remaining.]","trace":"java.lang.AssertionError: expected [Username not found] but found [Invalid password - you have 4 attempts remaining.]\r\n\tat org.testng.Assert.fail(Assert.java:111)\r\n\tat org.testng.Assert.failNotEquals(Assert.java:1578)\r\n\tat org.testng.Assert.assertEqualsImpl(Assert.java:150)\r\n\tat org.testng.Assert.assertEquals(Assert.java:132)\r\n\tat org.testng.Assert.assertEquals(Assert.java:656)\r\n\tat org.testng.Assert.assertEquals(Assert.java:666)\r\n\tat com.proCare.automation.stepdefinitions.LoginStepDef.warning_message_with_the_text_should_be_displayed(LoginStepDef.java:62)\r\n\tat ✽.Warning message with the text 'Username not found' should be displayed(file:///D:/ProCare_2024/ProCARE_Automation/ProCARE_Automation/src/test/resources/Features/login.feature:32)\r\n"},"stage":"finished","steps":[],"attachments":[],"parameters":[],"start":1696916376473,"stop":1696916377633}],"attachments":[],"parameters":[],"start":1696916359033,"stop":1696916378674}